<?xml version="1.0" encoding="UTF-8"?>
<!-- Generated by org.testng.reporters.JUnitXMLReporter -->
<testsuite hostname="Pratik-PC" ignored="0" name="Default test" tests="8" failures="0" timestamp="2020-06-29T16:06:15 IST" time="178.912" errors="0">
  <testcase name="addEdit" time="20.795" classname="com.mvc.qa.testcases.HomePageTest"/>
  <testcase name="addSpecialChar" time="16.169" classname="com.mvc.qa.testcases.HomePageTest"/>
  <testcase name="spaceBar" time="7.662" classname="com.mvc.qa.testcases.HomePageTest"/>
  <testcase name="duplicate" time="17.081" classname="com.mvc.qa.testcases.HomePageTest"/>
  <testcase name="infiniteChar" time="13.124" classname="com.mvc.qa.testcases.HomePageTest"/>
  <testcase name="deleteToDo" time="11.688" classname="com.mvc.qa.testcases.HomePageTest"/>
  <testcase name="downwardArrowCompleteTab" time="6.588" classname="com.mvc.qa.testcases.HomePageTest"/>
  <testcase name="downwardArrowActiveTab" time="5.0" classname="com.mvc.qa.testcases.HomePageTest"/>
</testsuite> <!-- Default test -->
