<?xml version="1.0" encoding="UTF-8"?>
<!-- Generated by org.testng.reporters.JUnitXMLReporter -->
<testsuite hostname="Pratik-PC" ignored="0" name="Default test" tests="8" failures="0" timestamp="2020-07-03T00:10:48 IST" time="171.977" errors="0">
  <testcase name="addEdit" time="20.015" classname="com.mvc.qa.testcases.HomePageTest"/>
  <testcase name="addSpecialChar" time="7.471" classname="com.mvc.qa.testcases.HomePageTest"/>
  <testcase name="spaceBar" time="7.15" classname="com.mvc.qa.testcases.HomePageTest"/>
  <testcase name="duplicate" time="18.552" classname="com.mvc.qa.testcases.HomePageTest"/>
  <testcase name="infiniteChar" time="13.345" classname="com.mvc.qa.testcases.HomePageTest"/>
  <testcase name="deleteToDo" time="11.128" classname="com.mvc.qa.testcases.HomePageTest"/>
  <testcase name="downwardArrowCompleteTab" time="5.159" classname="com.mvc.qa.testcases.HomePageTest"/>
  <testcase name="downwardArrowActiveTab" time="5.595" classname="com.mvc.qa.testcases.HomePageTest"/>
</testsuite> <!-- Default test -->
