<?xml version="1.0" encoding="UTF-8"?>
<!-- Generated by org.testng.reporters.JUnitXMLReporter -->
<testsuite hostname="Pratik-PC" ignored="0" name="Free ToDoMVC App Test Cases" tests="13" failures="0" timestamp="2020-07-03T00:20:44 IST" time="264.406" errors="0">
  <testcase name="addEdit" time="22.667" classname="com.mvc.qa.testcases.HomePageTest"/>
  <testcase name="addSpecialChar" time="7.168" classname="com.mvc.qa.testcases.HomePageTest"/>
  <testcase name="spaceBar" time="6.549" classname="com.mvc.qa.testcases.HomePageTest"/>
  <testcase name="duplicate" time="16.932" classname="com.mvc.qa.testcases.HomePageTest"/>
  <testcase name="infiniteChar" time="13.324" classname="com.mvc.qa.testcases.HomePageTest"/>
  <testcase name="deleteToDo" time="11.42" classname="com.mvc.qa.testcases.HomePageTest"/>
  <testcase name="downwardArrowCompleteTab" time="5.956" classname="com.mvc.qa.testcases.HomePageTest"/>
  <testcase name="downwardArrowActiveTab" time="4.99" classname="com.mvc.qa.testcases.HomePageTest"/>
  <testcase name="Addition" time="7.835" classname="com.mvc.qa.testcases.LinkTest"/>
  <testcase name="clearTab" time="9.493" classname="com.mvc.qa.testcases.TabTest"/>
  <testcase name="allTab" time="14.179" classname="com.mvc.qa.testcases.TabTest"/>
  <testcase name="activeTab" time="14.904" classname="com.mvc.qa.testcases.TabTest"/>
  <testcase name="completeTab" time="8.024" classname="com.mvc.qa.testcases.TabTest"/>
</testsuite> <!-- Free ToDoMVC App Test Cases -->
